Arguments: 
  /usr/local/bin/node /usr/local/bin/yarn add esdocs

PATH: 
  /Users/adityamittal/.composer/vendor/bin:/usr/local/php5/bin:/usr/local/sbin:/usr/local/opt/curl/bin:/Users/adityamittal/bin:/Users/adityamittal/anaconda/bin:/Users/adityamittal/.rvm/gems/ruby-2.4.1/bin:/Users/adityamittal/.rvm/gems/ruby-2.4.1@global/bin:/Users/adityamittal/.rvm/rubies/ruby-2.4.1/bin:/bin:/opt/local/bin:/opt/local/sbin:/usr/local/Cellar/php55/5.5.30/bin:/usr/local/bin:/usr/bin:/bin:/usr/sbin:/sbin:/usr/local/go/bin:/opt/X11/bin:/opt/ImageMagick/bin:/usr/local/git/bin:/Users/adityamittal/.composer/vendor/bin:/usr/local/php5/bin:/usr/local/sbin:/usr/local/opt/curl/bin:/Users/adityamittal/bin:/Users/adityamittal/anaconda/bin:/Users/adityamittal/.rvm/gems/ruby-2.4.1/bin:/Users/adityamittal/.rvm/gems/ruby-2.4.1@global/bin:/Users/adityamittal/.rvm/rubies/ruby-2.4.1/bin:/opt/local/bin:/opt/local/sbin:/usr/local/Cellar/php55/5.5.30/bin:/Users/adityamittal/.composer/vendor/codeception/codeception:/Users/adityamittal/.rvm/bin:/Users/adityamittal/.composer/vendor/codeception/codeception:/Users/adityamittal/.rvm/bin

Yarn version: 
  1.6.0

Node version: 
  9.2.0

Platform: 
  darwin x64

Trace: 
  Error: https://registry.yarnpkg.com/esdocs: Not found
      at Request.params.callback [as _callback] (/usr/local/lib/node_modules/yarn/lib/cli.js:65327:18)
      at Request.self.callback (/usr/local/lib/node_modules/yarn/lib/cli.js:133155:22)
      at Request.emit (events.js:159:13)
      at Request.<anonymous> (/usr/local/lib/node_modules/yarn/lib/cli.js:134138:10)
      at Request.emit (events.js:159:13)
      at IncomingMessage.<anonymous> (/usr/local/lib/node_modules/yarn/lib/cli.js:134058:12)
      at Object.onceWrapper (events.js:254:19)
      at IncomingMessage.emit (events.js:164:20)
      at endReadableNT (_stream_readable.js:1054:12)
      at _combinedTickCallback (internal/process/next_tick.js:138:11)

npm manifest: 
  No manifest

yarn manifest: 
  No manifest

Lockfile: 
  No lockfile
